<?xml version="1.0" encoding="UTF-8"?>
<!-- Generated by org.testng.reporters.JUnitReportReporter -->
<testsuite hostname="RAJU" failures="0" tests="2" name="pac1.ProductTest" time="0.016" errors="0" timestamp="2024-10-08T11:30:15 IST" skipped="0">
  <testcase classname="pac1.ProductTest" name="createProductTest" time="0.015"/>
  <system-out/>
  <testcase classname="pac1.ProductTest" name="modifyProductTest" time="0.001"/>
  <system-out/>
</testsuite> <!-- pac1.ProductTest -->
